[debug] [2024-05-25T11:38:57.818Z] ----------------------------------------------------------------------
[debug] [2024-05-25T11:38:57.822Z] Command:       C:\Program Files\nodejs\node.exe C:\Users\CW\AppData\Roaming\npm\node_modules\firebase-tools\lib\bin\firebase.js init
[debug] [2024-05-25T11:38:57.823Z] CLI Version:   13.10.1
[debug] [2024-05-25T11:38:57.823Z] Platform:      win32
[debug] [2024-05-25T11:38:57.823Z] Node Version:  v20.13.1
[debug] [2024-05-25T11:38:57.824Z] Time:          Sat May 25 2024 16:38:57 GMT+0500 (Pakistan Standard Time)
[debug] [2024-05-25T11:38:57.824Z] ----------------------------------------------------------------------
[debug] 
[debug] [2024-05-25T11:38:57.936Z] > command requires scopes: ["email","openid","https://www.googleapis.com/auth/cloudplatformprojects.readonly","https://www.googleapis.com/auth/firebase","https://www.googleapis.com/auth/cloud-platform"]
[debug] [2024-05-25T11:38:57.936Z] > authorizing via signed-in user (naloee2@gmail.com)
[info] 
     ######## #### ########  ######## ########     ###     ######  ########
     ##        ##  ##     ## ##       ##     ##  ##   ##  ##       ##
     ######    ##  ########  ######   ########  #########  ######  ######
     ##        ##  ##    ##  ##       ##     ## ##     ##       ## ##
     ##       #### ##     ## ######## ########  ##     ##  ######  ########

You're about to initialize a Firebase project in this directory:

  C:\Users\CW

Before we get started, keep in mind:

  * You are initializing within an existing Firebase project directory

[info] 
=== Project Setup
[info] 
[info] First, let's associate this project directory with a Firebase project.
[info] You can create multiple project aliases by running firebase use --add, 
[info] but for now we'll just set up a default project.
[info] 
[debug] [2024-05-25T11:39:05.214Z] Using project from CLI flag: anas-first-project-1817e
[debug] [2024-05-25T11:39:05.217Z] >>> [apiv2][query] GET https://firebase.googleapis.com/v1beta1/projects/anas-first-project-1817e [none]
[debug] [2024-05-25T11:39:06.018Z] <<< [apiv2][status] GET https://firebase.googleapis.com/v1beta1/projects/anas-first-project-1817e 403
[debug] [2024-05-25T11:39:06.018Z] <<< [apiv2][body] GET https://firebase.googleapis.com/v1beta1/projects/anas-first-project-1817e {"error":{"code":403,"message":"The caller does not have permission","status":"PERMISSION_DENIED"}}
[debug] [2024-05-25T11:39:06.019Z] HTTP Error: 403, The caller does not have permission
[debug] [2024-05-25T11:39:06.512Z] FirebaseError: HTTP Error: 403, The caller does not have permission
    at responseToError (C:\Users\CW\AppData\Roaming\npm\node_modules\firebase-tools\lib\responseToError.js:49:12)
    at RetryOperation._fn (C:\Users\CW\AppData\Roaming\npm\node_modules\firebase-tools\lib\apiv2.js:305:77)
    at process.processTicksAndRejections (node:internal/process/task_queues:95:5)
[error] 
[error] Error: Failed to get Firebase project anas-first-project-1817e. Please make sure the project exists and your account has permission to access it.
[debug] [2024-05-25T11:44:11.918Z] ----------------------------------------------------------------------
[debug] [2024-05-25T11:44:11.921Z] Command:       C:\Program Files\nodejs\node.exe C:\Users\CW\AppData\Roaming\npm\node_modules\firebase-tools\lib\bin\firebase.js init
[debug] [2024-05-25T11:44:11.922Z] CLI Version:   13.10.1
[debug] [2024-05-25T11:44:11.922Z] Platform:      win32
[debug] [2024-05-25T11:44:11.922Z] Node Version:  v20.13.1
[debug] [2024-05-25T11:44:11.923Z] Time:          Sat May 25 2024 16:44:11 GMT+0500 (Pakistan Standard Time)
[debug] [2024-05-25T11:44:11.923Z] ----------------------------------------------------------------------
[debug] 
[debug] [2024-05-25T11:44:12.044Z] > command requires scopes: ["email","openid","https://www.googleapis.com/auth/cloudplatformprojects.readonly","https://www.googleapis.com/auth/firebase","https://www.googleapis.com/auth/cloud-platform"]
[debug] [2024-05-25T11:44:12.045Z] > authorizing via signed-in user (naloee2@gmail.com)
[info] 
     ######## #### ########  ######## ########     ###     ######  ########
     ##        ##  ##     ## ##       ##     ##  ##   ##  ##       ##
     ######    ##  ########  ######   ########  #########  ######  ######
     ##        ##  ##    ##  ##       ##     ## ##     ##       ## ##
     ##       #### ##     ## ######## ########  ##     ##  ######  ########

You're about to initialize a Firebase project in this directory:

  C:\Users\CW

Before we get started, keep in mind:

  * You are initializing within an existing Firebase project directory

[info] 
=== Project Setup
[info] 
[info] First, let's associate this project directory with a Firebase project.
[info] You can create multiple project aliases by running firebase use --add, 
[info] but for now we'll just set up a default project.
[info] 
[debug] [2024-05-25T11:44:18.533Z] Using project from CLI flag: anas-first-project-1817e
[debug] [2024-05-25T11:44:18.537Z] >>> [apiv2][query] GET https://firebase.googleapis.com/v1beta1/projects/anas-first-project-1817e [none]
[debug] [2024-05-25T11:44:19.799Z] <<< [apiv2][status] GET https://firebase.googleapis.com/v1beta1/projects/anas-first-project-1817e 403
[debug] [2024-05-25T11:44:19.799Z] <<< [apiv2][body] GET https://firebase.googleapis.com/v1beta1/projects/anas-first-project-1817e {"error":{"code":403,"message":"The caller does not have permission","status":"PERMISSION_DENIED"}}
[debug] [2024-05-25T11:44:19.800Z] HTTP Error: 403, The caller does not have permission
[debug] [2024-05-25T11:44:20.584Z] FirebaseError: HTTP Error: 403, The caller does not have permission
    at responseToError (C:\Users\CW\AppData\Roaming\npm\node_modules\firebase-tools\lib\responseToError.js:49:12)
    at RetryOperation._fn (C:\Users\CW\AppData\Roaming\npm\node_modules\firebase-tools\lib\apiv2.js:305:77)
    at process.processTicksAndRejections (node:internal/process/task_queues:95:5)
[error] 
[error] Error: Failed to get Firebase project anas-first-project-1817e. Please make sure the project exists and your account has permission to access it.
